* using log directory ‘/Volumes/proj-tracerx-lung/tctProjects/frankella/R_packages/cloneMaps/..Rcheck’
* using R version 3.6.3 (2020-02-29)
* using platform: x86_64-apple-darwin15.6.0 (64-bit)
* using session charset: UTF-8
* checking for file ‘./DESCRIPTION’ ... OK
* this is package ‘cloneMap’ version ‘0.0.0.9000’
* package encoding: UTF-8
* checking package namespace information ... OK
* checking package dependencies ... OK
* checking if this is a source package ... OK
* checking if there is a namespace ... OK
* checking for executable files ... WARNING
Found the following executable files:
  .git/objects/00/2b9ec00a24a93916b770f7db677ddc4d698422
  .git/objects/00/9faafc96249223fe78f958b409181a5d811479
  .git/objects/00/b455c0e7659daffeef6cac61a2161b8f86dee3
  .git/objects/00/d10a8350280739f02f0fd8e5381cce5a80f92e
  .git/objects/01/0f4bd2d924b37c4fa539ed34fd0b0c20b5a6e0
  .git/objects/01/caaa14740f71bd5109f64b097e95172bca212a
  .git/objects/01/e65cf2a64803ba0f80939651f5bb73490eb8a5
  .git/objects/01/fb6ac53afdac24eda6e24b23306fde9052876b
  .git/objects/02/c2615a93cc3e7765ea52200c0b0ba1d13f0635
  .git/objects/02/fb4eaa7e485fac8c4d37be526a38320212d892
  .git/objects/03/ea4ec339d8d183fe702f535b1e057c924fd0a4
  .git/objects/04/2932aba0c05ed6070bd8b433f16cb766c9d8cc
  .git/objects/04/c6f2a176f3e955c085e963e73ded996e11cb89
  .git/objects/05/8e9af07ec530209f07273848916298a289db97
  .git/objects/05/e7b5257ffabd96879be6100da9d9da67a3ca05
  .git/objects/06/115fa44404a7dbef8fbe3ef51b50bccf35c9a1
  .git/objects/06/1e5cc75729d1c56c7a4c59f128d4580830c4e3
  .git/objects/06/3d26ec29e12044861a62b90a85b462b31d257f
  .git/objects/06/ea9ba616b5873e6f04d0a9f614b1c9418780e7
  .git/objects/09/d8c8d6c2846ae6707e390398530673be224029
  .git/objects/09/ec716d2e60ea28ea9d7ad0ed8844a27e2d84f2
  .git/objects/0a/efdf6093e62ddab49951c8d92e1cb8cf7d5956
  .git/objects/0b/4583fa8711b3a5606693b5681564b9ad9a800a
  .git/objects/0e/9636e31d8b28c648e3b812ad59bdd6dcb20cef
  .git/objects/0f/6df5ad567ba2113aede1a4a62a7bc545eebaaf
  .git/objects/10/a2c61c9e2a9eab276985488a2a8c8fd0f7d05c
  .git/objects/11/da2c6222f99b7c68c849d9d25bf13042b28b17
  .git/objects/12/6bd09a7d0300fe3e83b705054272c856bca204
  .git/objects/15/aaebe9b64fa8e13dd526ace08eead10fe3860b
  .git/objects/17/518f28a36c44f9e51a5cdb66ff15c5e551ad67
  .git/objects/18/4c3690b8cb59eccda24156a5de757237a08ae9
  .git/objects/19/303a5299816a03a6517c135bacbf21add36ed9
  .git/objects/19/37517ac3f1f78bf925e7bd81f326633e8054c8
  .git/objects/1a/d4126b15f55865a37fc12772f055c6975bfee4
  .git/objects/1b/3b8ac729b32511d60613b7a71326cfc5aded90
  .git/objects/1d/5d1b692eb7eaa56f564de491d661e0ee5be1a9
  .git/objects/1d/e50d92adcd5802ebfbfe43076bf2e5c3d5cc22
  .git/objects/1e/38027f89f78bf5061a8c9c3bb3bfb4fa84a944
  .git/objects/1e/5c7d93430d127cbd2d127f6757a749f99acb87
  .git/objects/1f/8b8e802173e623d28f69ee816c5fe4d51e4cb1
  .git/objects/20/6417da37fa13bd6f6df41b33f22200cac3315b
  .git/objects/21/43fce9168f1f214733c0c5d74944730fa79248
  .git/objects/21/8a13a07d329167a00a4c303556f5ca86fc8db6
  .git/objects/21/9ab8d76b2fb58203d6dee9be0fa4b4a45b8556
  .git/objects/21/ffa0e039c359e245ff93a23c4c96f5f0757e32
  .git/objects/22/1370165eed90825af129d893f2aa07a28bbe07
  .git/objects/22/5054be7a46bdbaaca79365d639f7ef8ee46ec1
  .git/objects/23/e7fc34543d10fded3d3f4db887b697eb32957b
  .git/objects/24/19d4c244886e7189490a074977a154c095184b
  .git/objects/24/2dd8c0733adfd85350b74d8d4d518baa970ff9
  .git/objects/25/2e9d5beeb3973a556c8bcd107161a3f2956b25
  .git/objects/27/cd16fd0c7156a8f07cd9c7b7e2be522039cf65
  .git/objects/28/3bbeaa294770f447c371b962d7db5a33bb1000
  .git/objects/28/a9ce5b6099c24864366d8b478f4dd260940633
  .git/objects/29/d72cf530f2fd229cd05e18db91e434c77bc025
  .git/objects/2a/50acb2f67b52a15f3204ce78440df7ff2b329f
  .git/objects/2a/6f6284960dd5ba801230812dea38a6c20812a2
  .git/objects/2b/b024cb3e211b0385d1b109b35fc126db53bfce
  .git/objects/2b/b1e7486843e9c1476ace21bccff03f39896c97
  .git/objects/2c/2d7524cbf6c2583481ff44af10c9150aba245a
  .git/objects/2c/e6e849b5b639093581ab8ae2f5dcb1ee3d1bd4
  .git/objects/2d/720376d2efa69ff8fe0b2bcfcdb926eb5f41b2
  .git/objects/2d/7b25ccd9145e4efe3a098da64ca539a17b8723
  .git/objects/2e/5e910be286cf72830080f8638cf67d0e32dd86
  .git/objects/2f/1938985a2a893ac195969cd86338b89b52e287
  .git/objects/2f/5e9cacda47fb8f72b07bc2551fe7e597a95276
  .git/objects/30/a13017d540d9b31efaf652d9c3926cf9edae2a
  .git/objects/30/cf22b614d9db4fdf50c343d276500a069b916d
  .git/objects/30/fd9ca94d3e6443abdb7620eb513d700720b906
  .git/objects/31/7795f72211f3a883bf846c6d867205aee625c6
  .git/objects/32/6c902ba3a1e4032f451d661a7e31c3e7d31bee
  .git/objects/33/0baf6e053f3a63bf275968e1346d63fd4d774c
  .git/objects/33/7313558c14f5689a3aba2f52fbca43e9427885
  .git/objects/33/92c878da9b347fa0092144bc055860842400ab
  .git/objects/33/ae457a7e13d27d4b730d5d5fe844841cdffc31
  .git/objects/33/bee43ddfbcd86d688a6dec0032836227998524
  .git/objects/33/edcc84c54e4e26168c543d1843ec89b04b4010
  .git/objects/34/a5bc8faceed1d17a0d1c22d9ab0df67c44023f
  .git/objects/35/5a00f910bf44c257c5dc94c896a722f24dc353
  .git/objects/35/e66691245604c7424903e4d75c538b9bd9a8ee
  .git/objects/36/8fafbc44786bf9dba1e2b380e783a780f65de0
  .git/objects/37/21c01e120d987818a3d779ef505620d5f560e1
  .git/objects/37/304e98b98a7c961159377b8c1e3436c1c796a9
  .git/objects/37/ae40eb1ad25fd6b1a1312334573eadb5d40703
  .git/objects/38/24f050de7d9cf0e161a07652925892823cb6e3
  .git/objects/38/26426214155692124253c3f77933edd4cd4be0
  .git/objects/38/985579d0acd44f8472fccdacd472225d46ab74
  .git/objects/3a/163f757381d0f4c844dc6665ed6b1f6ec5a4a0
  .git/objects/3a/53a429c4f418a4e5b1472eae9a1911367c238e
  .git/objects/3a/8d9b4c0c721fa34bdef8d93ae89e86be7e0d41
  .git/objects/3b/31a1aa0ea2ce650ef125a288f5ec12ad15519d
  .git/objects/3b/a5e323e6873d33ed0ba91b498a29d9a573f530
  .git/objects/3b/c3546b5ed5009536b90464ff8f57dd895ae613
  .git/objects/3c/4581e01bf583706bda6269edee7585bec6aad7
  .git/objects/3d/6845e856359c209340edbcccb8adf4d991471a
  .git/objects/3d/f0edb43a1b8899b9f00ddbcf843c82360ade50
  .git/objects/3f/a244490c9676ee887b3db89be96bf0c784ddba
  .git/objects/40/caccab9da7e2a93ca8e3a4cdf7a5a893818251
  .git/objects/41/410eec798d13f201c67d5dc22393fe233cc856
  .git/objects/41/578483da5ecc87187280bb538ac3ae8e1e7ad2
  .git/objects/42/ec06d1b4a1e6c3f30177c2e018922f9fd6db27
  .git/objects/42/f3ed6b9c35d38f1be1fd2026d4ce0af016540c
  .git/objects/43/36bcd3510d7fec6a8b7f2c676176860b1593e9
  .git/objects/44/339eabcbae329553a4615d1523b9ca14a8816e
  .git/objects/44/bf3bcd4a9219a790ec1d9bf7152504b621900d
  .git/objects/45/c72bb92c6ab421d5ccb91bcc8259d38d9dfe21
  .git/objects/45/f29a9682c8f5d108d1acab1b85f41db4b2ac2b
  .git/objects/46/14e4e182ae7374afaaeb8a2237784d47aa26d4
  .git/objects/46/67ba256d37b19fa17219592b548d13718c8e9a
  .git/objects/46/ebab4d2cf47762a5220d34ec13f528b59e11c2
  .git/objects/47/da3b9a458b9cc26f214150d9276b4d1d47556c
  .git/objects/47/e24e508e3c63f32e8279bd46b2905f37e75f7f
  .git/objects/4a/cee3be23e91f3612f928e87cf314a12c270192
  .git/objects/4b/ee336b45177bb566520f180bbc616525fd651a
  .git/objects/4c/e6056eec3a91b4ad640392b796800fd836a580
  .git/objects/4d/04bf6b40f5621ce4fdd40110695b1a4b5064dd
  .git/objects/4d/bfdb66b8de306c7026e1e060331e5dc0d158d9
  .git/objects/4e/3fe8c8226140a7a96594167439b08ecb8c9868
  .git/objects/4f/9603367c6ce4ae3ef7628a3721b6ac92d7b35b
  .git/objects/4f/c2b947fb7d6a3af462bfe75b1c2f9d1dc359d9
  .git/objects/50/c02bcc9bcf83798d9fbe21bc65eb0ee8da3784
  .git/objects/51/6db61f015883bf892f900be06c27990434e455
  .git/objects/52/7dd99f1442768c4dd44287be3388e58eb7c79f
  .git/objects/53/0d088846a805a4b2171a7945b34a3e4cb86987
  .git/objects/54/456c2343e8148c38d1410be9c201990de97a06
  .git/objects/54/91144346f0c9183c80d7caf0fc61b79ab20427
  .git/objects/54/e6ff1c698a22eab0d62780a78d6fa124a5c9a2
  .git/objects/55/161bea84b08473d726ffa92b0842a1432a4ee3
  .git/objects/55/52c3841689aa01c1c2a0991dbc45d1292da52a
  .git/objects/55/9ade83b4301577105d7b4fd1c1ebb0091cfb72
  .git/objects/56/040721024b458813414ec79679be3501f10cda
  .git/objects/56/baf19ab12ef8a12ba14a1479e39bc3f3b19f38
  .git/objects/57/36eb61d9c67f27d60e0eddb65ccd4f2e50c20a
  .git/objects/57/e94c51a7f1088cf0c50afdcbbbb2e2dbc7ea74
  .git/objects/5a/20ccbd7bd20dd2c9c2e0024487ae466b4e6294
  .git/objects/5b/df7c77b2b7adf46e81d5ae170289488d5f2436
  .git/objects/5c/04f8c3de0ce793149cc005b2e46677fba6d679
  .git/objects/5c/fd9aa21f441d95daef7f7972d4bbbfb038461c
  .git/objects/5d/4493edbee49bba91a93e1137fb41079baab182
  .git/objects/5d/8a31c12dca0cf10e2d64e8a71f00e35b8fcc0c
  .git/objects/5d/c980f5740e2bc7fff987c1de900f666816d798
  .git/objects/5e/b3f31d6a91b2da3a2b68c89728e0a923e44e1f
  .git/objects/5f/861dbff080f2217994621f55571fea78239b73
  .git/objects/60/0b94a2f4ceffa7a7a335bfbe24a800a50768ee
  .git/objects/60/d5c5d99eecfe0c6a39bf0cf6f140eb25a33705
  .git/objects/60/dc31f8ea516e505ccc76eea7ac5de42893b740
  .git/objects/61/d249d6a02c6d3673d9a10f68afb459979e88e2
  .git/objects/61/ebb35e1b1fa76e0d4f2f6179f91707692a8f9f
  .git/objects/62/2fb10ef5848a517f55e02c3e4316d4fc8f0648
  .git/objects/63/ed6740c3653117650638e728f96feb4c8292d1
  .git/objects/64/37ac587017d486ad0c4185aa9903de39256a1b
  .git/objects/66/aada95d0b9aa7f8166855d6f7b306d7258e812
  .git/objects/66/c1fbe7c3d1ae70a4ca006dafbed0267262c250
  .git/objects/67/0e51dd3f959b8a8ad092d518cf6b742113382b
  .git/objects/68/720d72f468dc3766b7a5eb7d06c03c99a7af5a
  .git/objects/68/a72b477ce29581db8e62c214375ee054874b36
  .git/objects/68/d570b2bb642d8c99be7ba9958593a366bf4244
  .git/objects/69/e9746a2a9ef4afef51b60a1e53f0479180da50
  .git/objects/6a/3174f43d7c20f75b483e1b02033a3de6c90a3b
  .git/objects/6a/76fa00cee49eb74804ccebe4c1ee1cee72c5aa
  .git/objects/6a/fd1c5230ee3b2a82a1d7162a6e2b104bba9bb6
  .git/objects/6b/86c97731d465786f79b455fd0dae1875dc328e
  .git/objects/6b/bb432374074e9e52cdbd104d15ed076e0fee13
  .git/objects/6d/43223347f372cbd8eba7fe173860fa385d7083
  .git/objects/6d/619ffa529b8eee21d92d5d487238ecf6d7453e
  .git/objects/6d/fe7ad017f5f6e694dc40933967f15d8ad83c87
  .git/objects/6e/e643c5d1a65ae709038258b26be12d38f17bda
  .git/objects/70/a57fd879520353f2465912371cc050ef608716
  .git/objects/71/a0c7ab39b7916e4cb7aa1e6503a6396fbeb44b
  .git/objects/71/dc0a4e30b9ba67974db2198a5dab61bef5de92
  .git/objects/72/0d742b41262da2686afaeed3f30399dfba9294
  .git/objects/73/0780901b67627eca827c11e7061adcf99675eb
  .git/objects/73/e3e30500b447b18b8dfe87d09187a5455ee400
  .git/objects/74/94a9260639dbfba03c5c64e0585652d31dd753
  .git/objects/74/b8d9791aebc18d0b6592a381766c3d742df3a0
  .git/objects/76/2b254f4981288765e96d9ea7359892e8c4f281
  .git/objects/76/71b95746e1582ead277972112b870ff958c096
  .git/objects/76/86afbb7dc10a46ebd3fe455dbd03f894652fb2
  .git/objects/76/bfe2cf9e38d61b09c62ede20ec9556dc300500
  .git/objects/77/238dfc61e2f957de29851739b6f5a610654c81
  .git/objects/77/636334209e5d8be2247e0a0327f59be99e661c
  .git/objects/77/75ab2d89e95a84112d025e4d53805388a6b6d3
  .git/objects/77/c928856844b620c7289cf0e043d3484bc2d6b7
  .git/objects/78/e8edd3f625e28aa244b7dd4f0c0fe469327300
  .git/objects/79/4a7a64ba235ca4bf29afd8b4bed0586abafea3
  .git/objects/79/9acda92c798065f44684cee7b98f1ae651009d
  .git/objects/7a/ea4832eb003b851ddd459b968a417864c8bd10
  .git/objects/7b/0978c116022cdcaccd5ae9a0af89d37487c595
  .git/objects/7c/a43da933746562e476a1a135a7e0880af5c0e7
  .git/objects/7d/041c1727b3e5b540651f5ab2c9ce60b2619ad3
  .git/objects/7d/0ece242500ebeaa55c74c0faffcab3c934001d
  .git/objects/7d/147bbc50ecf685f70d22cf891c7de6a6e106c8
  .git/objects/7d/9e794dce7b4c11d840e4cea6af0a8ec04e8e23
  .git/objects/7e/131c2b52625be943ccd8e7f3e06327ce16c943
  .git/objects/80/235226974284a1c1add304ccbeb1bcb3a10049
  .git/objects/80/8ef9882cb47ca7ebce86fa3d44ee2f760a6982
  .git/objects/81/59aca54f127fbc999814e8dd9a24e251810340
  .git/objects/81/858a27a41d1067ecedb098cbbaf050657adba9
  .git/objects/82/f4d7e6297cdf29f6725265d4f2d1bf7243a5d9
  .git/objects/84/05bbac81f68e0c885684c29841fed3f4f97f7f
  .git/objects/85/4be21889fc3aa89455782ecc3025c198274f2e
  .git/objects/85/67266c96eb08e7c7d848356e05ec1dfddd6890
  .git/objects/85/e60f93471ca0da2b3003cedb0d32358ac7c22a
  .git/objects/87/3487fdf3c088815ec21ba598d88f590bccffdf
  .git/objects/87/75f073c08f516e03126f80063db00b83aafb1a
  .git/objects/89/f0c9e75430eb5858bf6ff9ddbd4f15058b3483
  .git/objects/8a/01e0e628549f29755670f4c8ed248f36b58381
  .git/objects/8a/aa50bdd05bdd6095afc0626f266d1b99e7684a
  .git/objects/8b/cb279eb988710533d428cbab95c07731b63316
  .git/objects/8b/d7d6d10355f9ebc5074d1fa9d722280c4a0368
  .git/objects/8c/96498204f51450f3123993362513f44388af7b
  .git/objects/8c/ec5a87ee71da6c82c460971bdf49ac80fb4a3d
  .git/objects/8c/ef3bb1610201066ebd282354974817ab96827b
  .git/objects/8d/ecda225cc6d17fd0f2a325dbf90748a3bda0dd
  .git/objects/8e/fa185c371133c52316c968376fd8cef9d91a40
  .git/objects/8f/b3cb552b85360b2b2af6ac1d8184c73e4db1f6
  .git/objects/91/5b8d71a003e90fdedb8d3ae4f25dd33c127cc0
  .git/objects/91/970baa7218628f1e07fc2bdc6eaa598c0f4b33
  .git/objects/92/a8042711318ed528407b40431c6e0b7a7a8e28
  .git/objects/93/004a9f667f005c35d9bc6e8537d00b10252261
  .git/objects/93/17b6f53a16bc1a9caa327180ecbc0a0717fec1
  .git/objects/93/c326dcdaf2e4611af2ce0a981035770731b91c
  .git/objects/93/c4a9ce4ab350ce755fa392ddf53821784f14fb
  .git/objects/93/e6f83f46634328b0ff11a8c37f1ea0f8ce2602
  .git/objects/94/37fc25420d15d5692c4919a5de9e724c8fea65
  .git/objects/94/38472e1533ab34430eef06302e2600ce56cf51
  .git/objects/96/42251aa7cad6cb4b373957ef5635207837ad3f
  .git/objects/96/b16a890beef937d9a731db3af12aae59a81f03
  .git/objects/97/d8488bf7ca29cfb6a9547b2c2bf03fe9bd3b07
  .git/objects/98/4f1da9e2f86656e06777ff61abeacc1b119ff9
  .git/objects/98/6c5beab576d84c4481a80ee2201f8e9c65c25d
  .git/objects/99/91078ba69b7028e24243bfbed3f4dfa22226a8
  .git/objects/9a/21912a2f1cc7b33baaf594fc2d17b3d5322da0
  .git/objects/9a/b2e1e14a22c9eaa12ffd4bc61977780b6f5f85
  .git/objects/9b/55ef72a4512029d45e9646eb30ac8e2c484082
  .git/objects/9c/0112707af2c410076041e12f3a900983ae4042
  .git/objects/9c/3fcfc4777316144980b9adb8438724c57ff232
  .git/objects/9c/9d525008d6b0acdac567e2a6af3b6492b7c21b
  .git/objects/9d/5c0b530cac85bf2fa2b20d645796feb97167af
  .git/objects/9d/750d5c2862e7f77d698951f7ca878de7ad3535
  .git/objects/9d/eb0081790b7d21116558f03e21a05f2e74e309
  .git/objects/9e/2b339bb71136911b904125b74ff6425c37048b
  .git/objects/9e/7dc5fae7b0f980bed3fbc422d109068d27841e
  .git/objects/9f/2accbfca121bcfedd24961f67cf28ecd585ad0
  .git/objects/9f/501e0065833bda6ab595ec19ab42fcbaf39c90
  .git/objects/9f/5f488b340dc9da85cda2d95efec1fc05eb6ec8
  .git/objects/a0/60f75bd56a966b0de7ecaf8e4540366d683bdb
  .git/objects/a0/e6c9a84ce13351728e692344f56ff2313f04fb
  .git/objects/a1/3c24d87024cc2ffafb58e831f9a55b755140f5
  .git/objects/a2/3b55861d83527bcc13789a955da2cba15af284
  .git/objects/a4/0927cf36849f2004967f8fa6a5db6fb93abd3e
  .git/objects/a4/2e963ee111b389949af994f8780b00e12cecbc
  .git/objects/a4/8a50e4f3d8dd8bc26ea594570c3a7e464a76a4
  .git/objects/a4/f20ae65dd69a8188c22f76b7b9c2effa23c1df
  .git/objects/a6/96175cc1c0e9b609f3b3686f498be9691dbd64
  .git/objects/a8/4c3dfb0292a22dc799d7b6fdc23aba2346a2de
  .git/objects/aa/bed047bbf150bbb0315b4c344f7014cfaa5a7c
  .git/objects/ab/4580533f5800beb8fa1d96d6c0722200d0693f
  .git/objects/ac/7f4652d0cba44ebec1028c15c47b2b3576d025
  .git/objects/ac/7f817eef1db0b6390014efdffb4238498fc19c
  .git/objects/ac/fc15ac3babec8e9467b0325b69d07dcf390362
  .git/objects/ad/9a92ce82a61ba02db115f4b9aa935ed47c4589
  .git/objects/ad/fb3c71c3ee5de23d478b5487c454de9131c406
  .git/objects/af/48fdf64bf2f4958ff4756ca2cead1ce40572a7
  .git/objects/af/81fac731ce7979fac0eb4257cc08dc64e69c6d
  .git/objects/b0/2bca41718a0fa244a3a4f4659f521ce266ce59
  .git/objects/b0/7c8629dd03c2cda7b02e27022d9cf6077e4b76
  .git/objects/b1/30bc7e92711e37cd9d50f45d8a6d779be4428f
  .git/objects/b1/7d78a2233719c2cf4218398e661cd5ed4beb98
  .git/objects/b2/1726829235b4f35361d2db999845329b2a1dd3
  .git/objects/b2/1911be4d2f1c0286967c43d423f29b1ed185f9
  .git/objects/b3/9e72218c572b01fda9423e92757ea3032f8824
  .git/objects/b3/c67f92871dda697a13e9d7557d458a2cb43ee3
  .git/objects/b4/c67f0438420795a766b30204c50da41119531a
  .git/objects/b5/19e28b503ba090b5aa7b5e598ed8049711f10e
  .git/objects/b7/069288d9cbcc32fff8b0151691d18044b24f16
  .git/objects/b7/45191193705b9951ccda2caca6e757282f6aeb
  .git/objects/b8/042bee3c7ae319fb49b4629543ac805c2d5fdf
  .git/objects/b8/a30a1ab1569621af9451f2a166adce2c4e0eb1
  .git/objects/b8/adc66efe479f217f57f9ec116c8787447f5acc
  .git/objects/b9/3effd42ebc8b8017bc14ef5dd3fed1201aaabb
  .git/objects/b9/4532a7473a226b97cf9f6e8034d659cce14fdd
  .git/objects/b9/87e331f3b4347e03a9eac41d8387cdcb142140
  .git/objects/ba/1e9cb93ec00e35068bad7fceecb74ecb91cc00
  .git/objects/bb/be3b8e1a00b93fa9080c148cf7336055983716
  .git/objects/bb/ce37bc8e57a15c5c76f457e4d9e361f97c8b96
  .git/objects/bd/0ebeecdfd898d574cdf58ee7ad787baafbeb22
  .git/objects/bd/254344220a48064f2a182016edb873ac0f136c
  .git/objects/bd/cb746244b1de523737211b483e2d2cca1aa853
  .git/objects/bd/dd3344cff58019d0d57b8b82628dd47c4b113b
  .git/objects/be/800708ff8c4526f19d8f56c95e92a170c70b37
  .git/objects/be/c1b9f40cc98fdb77e0874891bba7935295edcc
  .git/objects/bf/14c5a605bcdff7487338b931f0e016ede58e30
  .git/objects/c0/db6005805b1047b3cbeb433841be69affaa777
  .git/objects/c1/84c25f714b703a0cbe29f1368376ff2445ae02
  .git/objects/c1/d12ebc7a44788a5849999a9e756e05b5c38c3c
  .git/objects/c2/3ce6d5270c184a38ff2b785c119b38838160ab
  .git/objects/c2/a297031cac3e0bfeacb0179e4953cb304bdb62
  .git/objects/c2/b1da216514a80144db4adc843104a6c3867b83
  .git/objects/c3/02ea6f89dc48b77bb964053aa66e1fca9e6eaa
  .git/objects/c3/089a5294784ea3a308090b64c6d2a8f3a013d3
  .git/objects/c3/b1a11e2d85d8586c895f91b169266341e63cf7
  .git/objects/c4/8624d38649cdfddef9f3e11c34b78000a48199
  .git/objects/c4/879705142ebd94592cfd960624a11d48130518
  .git/objects/c4/b03b06ae42e3bcf5ab756f74eb8b45f28e0bcd
  .git/objects/c4/d2597a4cf5f339758ad335096db87083bff298
  .git/objects/c5/1444e50790414752ec305d1686fd78ea08a54d
  .git/objects/c5/49bc362e3085f67624cff0622bbeb178eae1b6
  .git/objects/c6/ed046d1edf707608039d3e2d36568175e4b3be
  .git/objects/c8/625b986c8b046bd3e037eb68143333b0f861bf
  .git/objects/c8/c2e62af0c0f8929e8424fe4b5978ec3134c098
  .git/objects/c9/0bfc01dc713e4eabb030f05a3aac8ee4831a88
  .git/objects/c9/754d4af3326c0aca60ab644a92173713704b56
  .git/objects/ca/8db290f8ac8af4cbf4947a4079d5e0409d9751
  .git/objects/cb/f354f723a77ed381ae962fd31d808c4b6b067c
  .git/objects/cc/53018b30a2561d0ce97274ab936bad674fdf01
  .git/objects/cc/95e54bdb37f52d21bbfbe8b51e3ecbc4ea2bf8
  .git/objects/cc/c9d24f384ce47be33138231d7afbff922c996a
  .git/objects/cf/ca9acc0bbabd54fa879cda9aa9505f8196952f
  .git/objects/d0/148cdd0afdfd3f9c93485db946da2a6589165d
  .git/objects/d0/455c711ce476095b11265e4efedd5cbfa3c148
  .git/objects/d0/92364338584c600d5f768eb2dd002cfd758355
  .git/objects/d1/18b5b9362eb22282299e16c13804b39e3a134f
  .git/objects/d2/a343a7fa73dbc88f6c18545f296ca39371a559
  .git/objects/d3/484a51cd0815c8b477a641e61885cbbf4f442b
  .git/objects/d5/5533e51106831bb596ad8c45eaf1a412e914a1
  .git/objects/d6/99e04c5df217d805a0abe78fd7e83627e8c069
  .git/objects/d7/023f0653a5db8734b8b30cfcb7be24bc347c83
  .git/objects/d7/22f5d50def6449cbfce6261e83628592866bd4
  .git/objects/d7/3318fe174a58669e29a6af7d19a46e0330fe26
  .git/objects/d7/504571c7b43a1b035e21641721c3fdbe2a329a
  .git/objects/d7/8602cc7e32d3538daa742ef41ad17b9f5e6c29
  .git/objects/d8/273ee1d89e5a58da648c420f3419587fa420be
  .git/objects/d8/e58785a970582de5e5191b4d417f578f5105f3
  .git/objects/d9/90c749cd17abc6166844dd17dd5e7025d6e7bd
  .git/objects/d9/9b29e255316bcdcb9da263b1688a04fd3fe78d
  .git/objects/d9/b536ad4979e61e5bf155f93bcc3dc7337927b6
  .git/objects/d9/e0f2b15039d92d85c0be5091067555964dfe60
  .git/objects/d9/ef0cc7e037f8a47edc67eb9e74b6d45c80baa0
  .git/objects/da/1d7155f778763f4a758f53b7bcfd5ac9924a97
  .git/objects/da/61f5ac6d42474376f64c0978fdf13a5d2cd3ce
  .git/objects/db/3504484e85eb8712326cf1e43d6f6dd9ed9a9f
  .git/objects/dc/2d25547c95c0a9d6d0ebe04cbb9814016fac85
  .git/objects/dc/676c87954a3a0d2621b91e0067666f30b20410
  .git/objects/dd/89875f85cbd6f68a236643d6c4aadd6a58460e
  .git/objects/dd/f78afa5d22ab43e293c855acea90b759fac2b8
  .git/objects/df/4bf0f2a3dc1eda859f8e090e1f38a2f777f320
  .git/objects/df/6d79e1ecd99b383fb029f0e6b5415b7d94e458
  .git/objects/df/a7e829cf0d902dda3c77e17c874895c601a021
  .git/objects/df/c862e9070f34b4a80cb498dc7740c78863fb1f
  .git/objects/e0/6bc5c4d0d6f46ec2235fd6dc77216d3bc7cdbf
  .git/objects/e2/169f757cb1eceee9372606c9bf3ad0ed0cb379
  .git/objects/e3/2cb96ca10849ac53bd8b3a7756799b07eba7b4
  .git/objects/e3/5a6e8e61a04135a7b8d259386a0fdafa4f706c
  .git/objects/e3/d3c9447f9cee3760120b4b8831c3d18fb01e52
  .git/objects/e4/2e4f8ec182a0cf5f052f3d6bcd8e3923981dd6
  .git/objects/e5/544f7f035c2094d1e490bf49b1830a17cdd426
  .git/objects/e5/cf70061fc75585468e5bd587afa79b2dde2792
  .git/objects/e6/0b13a15d3a212cfa95b7270c431e59be84a807
  .git/objects/e6/8f6c8688e89bccee4c5b900a569bfe6daad073
  .git/objects/e7/3978892855147b0ac4cd3b78ca647ee3a7244d
  .git/objects/e7/8ce9f81f3dac33067a34c1b659674d3607327d
  .git/objects/e8/0fdefd092d708a1b81981a3e4cd1bdc0573cab
  .git/objects/e8/93cf1ea8a41c64c51405ebec2f1e02f3a53ed3
  .git/objects/e8/978e672e9a5ddcf1350ee77886650ffcd67718
  .git/objects/e8/bcd8c2c1b51011848de4de1e9da40b14c014c7
  .git/objects/e9/245ab82836d27f8322aa3e1ff00904a977d514
  .git/objects/ea/016a6bb0acb693e1e31c914d77a41d8fd6c0f0
  .git/objects/ea/dd32a09e4365260b1cd66f5febcddc59a48f4d
  .git/objects/eb/1471ef3412f0ad33cf764b896729d2242e9960
  .git/objects/eb/3758a31ec1babedce5175918ce193bc89c1744
  .git/objects/eb/5b956292fbe805a3620b98765d00f1a25185f4
  .git/objects/ed/80ceefb695a33d124ee0f057b95f91e94a0162
  .git/objects/ee/402d736402472d211e0eb003ae129d4b5f1300
  .git/objects/f1/4b5150c3d8b8591baeb8004d12f6b869278458
  .git/objects/f2/019dde512f29cd8486346f7ab6eef53c8c5aac
  .git/objects/f2/dea5fc85efaba35d1b12bcfe1cf3fbddcea1ec
  .git/objects/f3/48c0653b0f9a3d9508b2cb988c8f5ec2dfd5f1
  .git/objects/f3/a97359c6dab2bc2408da7f6a3f13910e962b9b
  .git/objects/f3/adce1895f7c17f726ae22337ace1026c75eb6c
  .git/objects/f4/9df46c4788cc71e6a4550ec34f637f430b083d
  .git/objects/f6/01201f70409d563189b1dca6b6247c79e772a3
  .git/objects/f6/3cd93e1ee0d7951e0ed24fe323d67ad1647d01
  .git/objects/f6/4430cdcb1b8c6cea1e374b2cf20edc51f565f3
  .git/objects/f6/e6d7007b1d0cee2225f1fedc2e86976ccb9545
  .git/objects/f7/17961246603d17c2df0158cdc565d2f008c054
  .git/objects/f7/23f6faca7aec9c5e1191ef0f6b6c33b885abb0
  .git/objects/f7/52040b5f173c9d7034bc1c0189cb31f3c877c1
  .git/objects/f9/ba525be66d0501264825fb85220dda0a84ab25
  .git/objects/fa/c468b95e37e8ba47a6b80ed15c7605255784ae
  .git/objects/fb/086063e8830defcc687e1801c6047ccfe32aef
  .git/objects/fb/0c8fc33f09d12663cfe9feee29632daa76cefa
  .git/objects/fb/c9c5b37e85c74cbfdb713d4f032b3cf499539d
  .git/objects/fb/ef9487c0038a325a2c698b4927689c9f6fbfd9
  .git/objects/fc/f305bfefb5e481a7795ee9d6b75c3d77c90b18
  .git/objects/ff/892db58d50f7207c3d0b877c0467508517791e
Source packages should not contain undeclared executable files.
See section ‘Package structure’ in the ‘Writing R Extensions’ manual.
* checking for hidden files and directories ... NOTE
Found the following hidden files and directories:
  data-raw/paper_figures/.DS_Store
  ..Rcheck
  .git
These were most likely included in error. See section ‘Package
structure’ in the ‘Writing R Extensions’ manual.
* checking for portable file names ... OK
* checking for sufficient/correct file permissions ... OK
* checking whether package ‘cloneMap’ can be installed ... ERROR
Installation failed.
See ‘/Volumes/proj-tracerx-lung/tctProjects/frankella/R_packages/cloneMaps/..Rcheck/00install.out’ for details.
* DONE
Status: 1 ERROR, 1 WARNING, 1 NOTE
